<?xml version="1.0" encoding="UTF-8"?>
<testsuite xmlns:xsi="http://www.w3.org/2001/XMLSchema-instance" xsi:noNamespaceSchemaLocation="https://maven.apache.org/surefire/maven-surefire-plugin/xsd/surefire-test-report-3.0.xsd" version="3.0" name="com.example.chameleonhash.ChameleonHasherJUnitTest" time="0.1" tests="2" errors="0" skipped="0" failures="0">
  <properties>
    <property name="java.specification.version" value="23"/>
    <property name="sun.jnu.encoding" value="UTF-8"/>
    <property name="java.class.path" value="/home/goncalop0710/Desktop/CloudCrypto/target/test-classes:/home/goncalop0710/Desktop/CloudCrypto/target/classes:/home/goncalop0710/.m2/repository/org/apache/commons/commons-math3/3.6.1/commons-math3-3.6.1.jar:/home/goncalop0710/.m2/repository/gov/nist/math/jama/1.0.3/jama-1.0.3.jar:/home/goncalop0710/.m2/repository/junit/junit/4.12/junit-4.12.jar:/home/goncalop0710/.m2/repository/org/hamcrest/hamcrest-core/1.3/hamcrest-core-1.3.jar:/home/goncalop0710/.m2/repository/org/bouncycastle/bcprov-jdk15on/1.54/bcprov-jdk15on-1.54.jar:/home/goncalop0710/.m2/repository/com/aliyun/aliyun-java-sdk-core/2.1.6/aliyun-java-sdk-core-2.1.6.jar:/home/goncalop0710/.m2/repository/com/aliyun/aliyun-java-sdk-sts/2.1.0/aliyun-java-sdk-sts-2.1.0.jar:/home/goncalop0710/.m2/repository/com/aliyun/aliyun-java-sdk-yundun/2.1.3/aliyun-java-sdk-yundun-2.1.3.jar:/home/goncalop0710/.m2/repository/com/aliyun/aliyun-java-sdk-slb/2.0.0-rc1/aliyun-java-sdk-slb-2.0.0-rc1.jar:/home/goncalop0710/Desktop/CloudCrypto/libs/jpbc-api-2.0.0.jar:/home/goncalop0710/Desktop/CloudCrypto/libs/jpbc-crypto-2.0.0.jar:/home/goncalop0710/Desktop/CloudCrypto/libs/jpbc-plaf-2.0.0.jar:"/>
    <property name="java.vm.vendor" value="Arch Linux"/>
    <property name="sun.arch.data.model" value="64"/>
    <property name="java.vendor.url" value="https://openjdk.org/"/>
    <property name="os.name" value="Linux"/>
    <property name="java.vm.specification.version" value="23"/>
    <property name="sun.java.launcher" value="SUN_STANDARD"/>
    <property name="user.country" value="US"/>
    <property name="sun.boot.library.path" value="/usr/lib/jvm/java-23-openjdk/lib"/>
    <property name="sun.java.command" value="/home/goncalop0710/Desktop/CloudCrypto/target/surefire/surefirebooter-20241202200824464_3.jar /home/goncalop0710/Desktop/CloudCrypto/target/surefire 2024-12-02T20-08-24_409-jvmRun1 surefire-20241202200824464_1tmp surefire_0-20241202200824464_2tmp"/>
    <property name="jdk.debug" value="release"/>
    <property name="surefire.test.class.path" value="/home/goncalop0710/Desktop/CloudCrypto/target/test-classes:/home/goncalop0710/Desktop/CloudCrypto/target/classes:/home/goncalop0710/.m2/repository/org/apache/commons/commons-math3/3.6.1/commons-math3-3.6.1.jar:/home/goncalop0710/.m2/repository/gov/nist/math/jama/1.0.3/jama-1.0.3.jar:/home/goncalop0710/.m2/repository/junit/junit/4.12/junit-4.12.jar:/home/goncalop0710/.m2/repository/org/hamcrest/hamcrest-core/1.3/hamcrest-core-1.3.jar:/home/goncalop0710/.m2/repository/org/bouncycastle/bcprov-jdk15on/1.54/bcprov-jdk15on-1.54.jar:/home/goncalop0710/.m2/repository/com/aliyun/aliyun-java-sdk-core/2.1.6/aliyun-java-sdk-core-2.1.6.jar:/home/goncalop0710/.m2/repository/com/aliyun/aliyun-java-sdk-sts/2.1.0/aliyun-java-sdk-sts-2.1.0.jar:/home/goncalop0710/.m2/repository/com/aliyun/aliyun-java-sdk-yundun/2.1.3/aliyun-java-sdk-yundun-2.1.3.jar:/home/goncalop0710/.m2/repository/com/aliyun/aliyun-java-sdk-slb/2.0.0-rc1/aliyun-java-sdk-slb-2.0.0-rc1.jar:/home/goncalop0710/Desktop/CloudCrypto/libs/jpbc-api-2.0.0.jar:/home/goncalop0710/Desktop/CloudCrypto/libs/jpbc-crypto-2.0.0.jar:/home/goncalop0710/Desktop/CloudCrypto/libs/jpbc-plaf-2.0.0.jar:"/>
    <property name="sun.cpu.endian" value="little"/>
    <property name="user.home" value="/home/goncalop0710"/>
    <property name="user.language" value="en"/>
    <property name="java.specification.vendor" value="Oracle Corporation"/>
    <property name="java.version.date" value="2024-09-17"/>
    <property name="java.home" value="/usr/lib/jvm/java-23-openjdk"/>
    <property name="file.separator" value="/"/>
    <property name="basedir" value="/home/goncalop0710/Desktop/CloudCrypto"/>
    <property name="java.vm.compressedOopsMode" value="Zero based"/>
    <property name="line.separator" value="&#10;"/>
    <property name="java.specification.name" value="Java Platform API Specification"/>
    <property name="java.vm.specification.vendor" value="Oracle Corporation"/>
    <property name="surefire.real.class.path" value="/home/goncalop0710/Desktop/CloudCrypto/target/surefire/surefirebooter-20241202200824464_3.jar"/>
    <property name="sun.management.compiler" value="HotSpot 64-Bit Tiered Compilers"/>
    <property name="java.runtime.version" value="23"/>
    <property name="user.name" value="goncalop0710"/>
    <property name="stdout.encoding" value="UTF-8"/>
    <property name="path.separator" value=":"/>
    <property name="os.version" value="6.11.4-arch2-1"/>
    <property name="java.runtime.name" value="OpenJDK Runtime Environment"/>
    <property name="file.encoding" value="UTF-8"/>
    <property name="java.vm.name" value="OpenJDK 64-Bit Server VM"/>
    <property name="localRepository" value="/home/goncalop0710/.m2/repository"/>
    <property name="java.vendor.url.bug" value="https://bugreport.java.com/bugreport/"/>
    <property name="java.io.tmpdir" value="/tmp"/>
    <property name="java.version" value="23"/>
    <property name="user.dir" value="/home/goncalop0710/Desktop/CloudCrypto"/>
    <property name="os.arch" value="amd64"/>
    <property name="java.vm.specification.name" value="Java Virtual Machine Specification"/>
    <property name="native.encoding" value="UTF-8"/>
    <property name="java.library.path" value="/usr/java/packages/lib:/usr/lib64:/lib64:/lib:/usr/lib"/>
    <property name="java.vm.info" value="mixed mode, sharing"/>
    <property name="stderr.encoding" value="UTF-8"/>
    <property name="java.vendor" value="Arch Linux"/>
    <property name="java.vm.version" value="23"/>
    <property name="sun.io.unicode.encoding" value="UnicodeLittle"/>
    <property name="java.class.version" value="67.0"/>
  </properties>
  <testcase name="testKR00ChameleonHash" classname="com.example.chameleonhash.ChameleonHasherJUnitTest" time="0.069">
    <system-out><![CDATA[Test Universal Collision-Resistant Krawczyk-Rabin Chameleon hash function
========================================
Test chameleon hash functionality.
Test inequality with different messages.
Hash Result 1 = [48, 34, 2, 32, -70, 27, 56, 60, 91, 60, -68, 50, 127, 86, 71, -96, 42, -91, 114, -68, 39, 59, 62, -69, 108, -126, 30, -115, 60, -93, 0, 42, -32, -41, -123, -75]
Hash Result 2 = [48, 34, 2, 32, -78, -55, -44, 30, -8, 45, 72, -22, 28, -9, -118, -85, -120, 51, -58, 59, -108, 16, 42, -12, 62, -89, -114, 61, 55, -104, -75, -10, -25, 65, 57, -77]
Test equality without / with randomness r.
Hash Result 1' = [48, 34, 2, 32, -70, 27, 56, 60, 91, 60, -68, 50, 127, 86, 71, -96, 42, -91, 114, -68, 39, 59, 62, -69, 108, -126, 30, -115, 60, -93, 0, 42, -32, -41, -123, -75]
Test equality with collision finding.
Coll. Resist. = [48, 34, 2, 32, -70, 27, 56, 60, 91, 60, -68, 50, 127, 86, 71, -96, 42, -91, 114, -68, 39, 59, 62, -69, 108, -126, 30, -115, 60, -93, 0, 42, -32, -41, -123, -75]
Chameleon hash functionality test pass.
========================================
Test signer parameters serialization & de-serialization.
Test serialize & de-serialize public key.
Test serialize & de-serialize secret keys.
Signer parameter serialization tests passed.

]]></system-out>
  </testcase>
  <testcase name="testKR00UniversalChameleonHash" classname="com.example.chameleonhash.ChameleonHasherJUnitTest" time="0.029">
    <system-out><![CDATA[Test Krawczyk-Rabin Chameleon hash function
========================================
Test chameleon hash functionality.
Test inequality with different messages.
Hash Result 1 = [48, -127, -60, 2, -127, -63, 0, -21, 124, -83, 68, -102, -13, 27, -65, -71, 21, 13, 67, -20, -54, -122, -34, 17, 19, -84, -65, 22, -22, 42, 25, -13, 74, -93, 6, -79, -76, -22, 59, 26, -69, -67, -109, -52, 16, 96, -14, -93, 123, -74, -91, -68, 64, -94, -57, -83, -109, 21, -72, -84, -128, -128, -53, 83, 91, 53, -57, -35, -70, -90, 123, 122, 15, -25, 121, 66, -45, -63, 98, 90, -47, -64, 1, 5, -10, 71, 27, 28, -35, -61, -96, -88, -94, 93, -107, 59, -116, 21, 93, 4, -79, -78, -59, 80, 84, 59, 49, -35, 106, 94, -98, -24, 122, 79, 21, -3, -123, 89, -33, -49, 51, 59, 70, 24, -33, 65, -92, -114, 63, 78, -111, -86, -42, 2, 4, 64, 17, 41, 99, -35, 48, -58, 60, 93, -13, -19, -78, -20, -55, -54, 26, 82, -12, -81, -7, 79, 15, -118, 90, 57, 83, -57, 2, -16, 110, -33, 42, -73, 89, 52, 21, 123, 6, 79, -76, -23, 49, -7, -97, 22, 83, -102, 10, -69, 18, -63, -32, -126, 72, -118, 82, -42, 91, -63, 111, -4, -43, -10, -73]
Hash Result 2 = [48, -127, -60, 2, -127, -63, 0, -104, 99, -67, -121, 93, -63, -88, 85, -91, 93, -85, -18, -114, 114, 44, 50, -92, -12, 6, 106, 39, -57, -58, -64, -100, 9, 120, -96, -99, 24, 84, -5, 94, -90, 65, 46, -34, 90, 71, 121, -1, -75, 118, -62, -95, -43, -26, 67, 62, 43, 51, -65, -87, -5, 6, -32, 109, 106, -126, -99, 48, 27, -84, 74, 116, 117, 116, -92, 49, 14, 27, 32, -30, 36, -50, -121, -8, 53, -109, -117, -42, 109, 80, 58, 97, -117, 41, -51, 30, 101, -95, -72, -103, 55, -65, -120, 111, 4, 7, -48, -114, -16, -56, 121, -84, 35, 116, -4, -24, -27, -46, 97, -83, -104, -61, -30, -66, -128, -102, 68, -102, -106, 82, -41, 127, -96, -104, -33, 79, 92, -91, 4, -112, 104, 9, -95, 11, 107, 57, -45, -50, -128, 23, 37, 126, 6, -7, 78, 98, 113, 60, 42, 39, -51, 64, 84, -27, -17, -114, 68, -26, 29, -27, 0, 101, -100, -107, -111, -125, -15, 109, 70, -111, -108, 112, -79, -36, 100, -91, -77, 103, -113, -51, 38, -72, 2, 54, -60, 98, -71, 117, -68]
Test equality without / with randomness r.
Hash Result 1' = [48, -127, -60, 2, -127, -63, 0, -21, 124, -83, 68, -102, -13, 27, -65, -71, 21, 13, 67, -20, -54, -122, -34, 17, 19, -84, -65, 22, -22, 42, 25, -13, 74, -93, 6, -79, -76, -22, 59, 26, -69, -67, -109, -52, 16, 96, -14, -93, 123, -74, -91, -68, 64, -94, -57, -83, -109, 21, -72, -84, -128, -128, -53, 83, 91, 53, -57, -35, -70, -90, 123, 122, 15, -25, 121, 66, -45, -63, 98, 90, -47, -64, 1, 5, -10, 71, 27, 28, -35, -61, -96, -88, -94, 93, -107, 59, -116, 21, 93, 4, -79, -78, -59, 80, 84, 59, 49, -35, 106, 94, -98, -24, 122, 79, 21, -3, -123, 89, -33, -49, 51, 59, 70, 24, -33, 65, -92, -114, 63, 78, -111, -86, -42, 2, 4, 64, 17, 41, 99, -35, 48, -58, 60, 93, -13, -19, -78, -20, -55, -54, 26, 82, -12, -81, -7, 79, 15, -118, 90, 57, 83, -57, 2, -16, 110, -33, 42, -73, 89, 52, 21, 123, 6, 79, -76, -23, 49, -7, -97, 22, 83, -102, 10, -69, 18, -63, -32, -126, 72, -118, 82, -42, 91, -63, 111, -4, -43, -10, -73]
Test equality with collision finding.
Coll. Resist. = [48, -127, -60, 2, -127, -63, 0, -21, 124, -83, 68, -102, -13, 27, -65, -71, 21, 13, 67, -20, -54, -122, -34, 17, 19, -84, -65, 22, -22, 42, 25, -13, 74, -93, 6, -79, -76, -22, 59, 26, -69, -67, -109, -52, 16, 96, -14, -93, 123, -74, -91, -68, 64, -94, -57, -83, -109, 21, -72, -84, -128, -128, -53, 83, 91, 53, -57, -35, -70, -90, 123, 122, 15, -25, 121, 66, -45, -63, 98, 90, -47, -64, 1, 5, -10, 71, 27, 28, -35, -61, -96, -88, -94, 93, -107, 59, -116, 21, 93, 4, -79, -78, -59, 80, 84, 59, 49, -35, 106, 94, -98, -24, 122, 79, 21, -3, -123, 89, -33, -49, 51, 59, 70, 24, -33, 65, -92, -114, 63, 78, -111, -86, -42, 2, 4, 64, 17, 41, 99, -35, 48, -58, 60, 93, -13, -19, -78, -20, -55, -54, 26, 82, -12, -81, -7, 79, 15, -118, 90, 57, 83, -57, 2, -16, 110, -33, 42, -73, 89, 52, 21, 123, 6, 79, -76, -23, 49, -7, -97, 22, 83, -102, 10, -69, 18, -63, -32, -126, 72, -118, 82, -42, 91, -63, 111, -4, -43, -10, -73]
Chameleon hash functionality test pass.
========================================
Test signer parameters serialization & de-serialization.
Test serialize & de-serialize public key.
Test serialize & de-serialize secret keys.
Signer parameter serialization tests passed.

]]></system-out>
  </testcase>
</testsuite>