<?xml version="1.0" encoding="UTF-8"?>
<testsuite xmlns:xsi="http://www.w3.org/2001/XMLSchema-instance" xsi:noNamespaceSchemaLocation="https://maven.apache.org/surefire/maven-surefire-plugin/xsd/surefire-test-report-3.0.xsd" version="3.0" name="com.example.signature.pks.PKSSignerTest" time="0.667" tests="3" errors="0" skipped="0" failures="0">
  <properties>
    <property name="java.specification.version" value="23"/>
    <property name="sun.jnu.encoding" value="UTF-8"/>
    <property name="java.class.path" value="/home/goncalop0710/Desktop/CloudCrypto/target/test-classes:/home/goncalop0710/Desktop/CloudCrypto/target/classes:/home/goncalop0710/.m2/repository/org/apache/commons/commons-math3/3.6.1/commons-math3-3.6.1.jar:/home/goncalop0710/.m2/repository/gov/nist/math/jama/1.0.3/jama-1.0.3.jar:/home/goncalop0710/.m2/repository/junit/junit/4.12/junit-4.12.jar:/home/goncalop0710/.m2/repository/org/hamcrest/hamcrest-core/1.3/hamcrest-core-1.3.jar:/home/goncalop0710/.m2/repository/org/bouncycastle/bcprov-jdk15on/1.54/bcprov-jdk15on-1.54.jar:/home/goncalop0710/.m2/repository/com/aliyun/aliyun-java-sdk-core/2.1.6/aliyun-java-sdk-core-2.1.6.jar:/home/goncalop0710/.m2/repository/com/aliyun/aliyun-java-sdk-sts/2.1.0/aliyun-java-sdk-sts-2.1.0.jar:/home/goncalop0710/.m2/repository/com/aliyun/aliyun-java-sdk-yundun/2.1.3/aliyun-java-sdk-yundun-2.1.3.jar:/home/goncalop0710/.m2/repository/com/aliyun/aliyun-java-sdk-slb/2.0.0-rc1/aliyun-java-sdk-slb-2.0.0-rc1.jar:/home/goncalop0710/Desktop/CloudCrypto/libs/jpbc-api-2.0.0.jar:/home/goncalop0710/Desktop/CloudCrypto/libs/jpbc-crypto-2.0.0.jar:/home/goncalop0710/Desktop/CloudCrypto/libs/jpbc-plaf-2.0.0.jar:"/>
    <property name="java.vm.vendor" value="Arch Linux"/>
    <property name="sun.arch.data.model" value="64"/>
    <property name="java.vendor.url" value="https://openjdk.org/"/>
    <property name="os.name" value="Linux"/>
    <property name="java.vm.specification.version" value="23"/>
    <property name="sun.java.launcher" value="SUN_STANDARD"/>
    <property name="user.country" value="US"/>
    <property name="sun.boot.library.path" value="/usr/lib/jvm/java-23-openjdk/lib"/>
    <property name="sun.java.command" value="/home/goncalop0710/Desktop/CloudCrypto/target/surefire/surefirebooter-20241202200824464_3.jar /home/goncalop0710/Desktop/CloudCrypto/target/surefire 2024-12-02T20-08-24_409-jvmRun1 surefire-20241202200824464_1tmp surefire_0-20241202200824464_2tmp"/>
    <property name="jdk.debug" value="release"/>
    <property name="surefire.test.class.path" value="/home/goncalop0710/Desktop/CloudCrypto/target/test-classes:/home/goncalop0710/Desktop/CloudCrypto/target/classes:/home/goncalop0710/.m2/repository/org/apache/commons/commons-math3/3.6.1/commons-math3-3.6.1.jar:/home/goncalop0710/.m2/repository/gov/nist/math/jama/1.0.3/jama-1.0.3.jar:/home/goncalop0710/.m2/repository/junit/junit/4.12/junit-4.12.jar:/home/goncalop0710/.m2/repository/org/hamcrest/hamcrest-core/1.3/hamcrest-core-1.3.jar:/home/goncalop0710/.m2/repository/org/bouncycastle/bcprov-jdk15on/1.54/bcprov-jdk15on-1.54.jar:/home/goncalop0710/.m2/repository/com/aliyun/aliyun-java-sdk-core/2.1.6/aliyun-java-sdk-core-2.1.6.jar:/home/goncalop0710/.m2/repository/com/aliyun/aliyun-java-sdk-sts/2.1.0/aliyun-java-sdk-sts-2.1.0.jar:/home/goncalop0710/.m2/repository/com/aliyun/aliyun-java-sdk-yundun/2.1.3/aliyun-java-sdk-yundun-2.1.3.jar:/home/goncalop0710/.m2/repository/com/aliyun/aliyun-java-sdk-slb/2.0.0-rc1/aliyun-java-sdk-slb-2.0.0-rc1.jar:/home/goncalop0710/Desktop/CloudCrypto/libs/jpbc-api-2.0.0.jar:/home/goncalop0710/Desktop/CloudCrypto/libs/jpbc-crypto-2.0.0.jar:/home/goncalop0710/Desktop/CloudCrypto/libs/jpbc-plaf-2.0.0.jar:"/>
    <property name="sun.cpu.endian" value="little"/>
    <property name="user.home" value="/home/goncalop0710"/>
    <property name="user.language" value="en"/>
    <property name="java.specification.vendor" value="Oracle Corporation"/>
    <property name="java.version.date" value="2024-09-17"/>
    <property name="java.home" value="/usr/lib/jvm/java-23-openjdk"/>
    <property name="file.separator" value="/"/>
    <property name="basedir" value="/home/goncalop0710/Desktop/CloudCrypto"/>
    <property name="java.vm.compressedOopsMode" value="Zero based"/>
    <property name="line.separator" value="&#10;"/>
    <property name="java.specification.name" value="Java Platform API Specification"/>
    <property name="java.vm.specification.vendor" value="Oracle Corporation"/>
    <property name="surefire.real.class.path" value="/home/goncalop0710/Desktop/CloudCrypto/target/surefire/surefirebooter-20241202200824464_3.jar"/>
    <property name="sun.management.compiler" value="HotSpot 64-Bit Tiered Compilers"/>
    <property name="java.runtime.version" value="23"/>
    <property name="user.name" value="goncalop0710"/>
    <property name="stdout.encoding" value="UTF-8"/>
    <property name="path.separator" value=":"/>
    <property name="os.version" value="6.11.4-arch2-1"/>
    <property name="java.runtime.name" value="OpenJDK Runtime Environment"/>
    <property name="file.encoding" value="UTF-8"/>
    <property name="java.vm.name" value="OpenJDK 64-Bit Server VM"/>
    <property name="localRepository" value="/home/goncalop0710/.m2/repository"/>
    <property name="java.vendor.url.bug" value="https://bugreport.java.com/bugreport/"/>
    <property name="java.io.tmpdir" value="/tmp"/>
    <property name="java.version" value="23"/>
    <property name="user.dir" value="/home/goncalop0710/Desktop/CloudCrypto"/>
    <property name="os.arch" value="amd64"/>
    <property name="java.vm.specification.name" value="Java Virtual Machine Specification"/>
    <property name="native.encoding" value="UTF-8"/>
    <property name="java.library.path" value="/usr/java/packages/lib:/usr/lib64:/lib64:/lib:/usr/lib"/>
    <property name="java.vm.info" value="mixed mode, sharing"/>
    <property name="stderr.encoding" value="UTF-8"/>
    <property name="java.vendor" value="Arch Linux"/>
    <property name="java.vm.version" value="23"/>
    <property name="sun.io.unicode.encoding" value="UnicodeLittle"/>
    <property name="java.class.version" value="67.0"/>
  </properties>
  <testcase name="testBLS01Signer" classname="com.example.signature.pks.PKSSignerTest" time="0.414">
    <system-out><![CDATA[Test Boneh-Lynn-Shacham 2001 signature.
========================================
Test signer functionality
Signature length = 21
Signature' length = 21
Pairing signer functionality test pass.
========================================
Test signer parameters serialization & de-serialization.
Test serialize & de-serialize public key.
Test serialize & de-serialize secret keys.
Signer parameter serialization tests passed.

]]></system-out>
  </testcase>
  <testcase name="testBB08Signer" classname="com.example.signature.pks.PKSSignerTest" time="0.154">
    <system-out><![CDATA[Test Boneh-Boyen 2008 signature.
========================================
Test signer functionality
Signature length = 306
Signature' length = 306
Pairing signer functionality test pass.
========================================
Test signer parameters serialization & de-serialization.
Test serialize & de-serialize public key.
Test serialize & de-serialize secret keys.
Signer parameter serialization tests passed.

]]></system-out>
  </testcase>
  <testcase name="testBB04Signer" classname="com.example.signature.pks.PKSSignerTest" time="0.097">
    <system-out><![CDATA[Test Boneh-Boyen 2004 signature.
========================================
Test signer functionality
Signature length = 306
Signature' length = 306
Pairing signer functionality test pass.
========================================
Test signer parameters serialization & de-serialization.
Test serialize & de-serialize public key.
Test serialize & de-serialize secret keys.
Signer parameter serialization tests passed.

]]></system-out>
  </testcase>
</testsuite>